{"/Users/shashwatguta/Desktop/fullstack-test/client /src/vite-env.d.ts": {"path":"/Users/shashwatguta/Desktop/fullstack-test/client /src/vite-env.d.ts","all":true,"statementMap":{},"s":{},"branchMap":{"0":{"type":"branch","line":1,"loc":{"start":{"line":1,"column":37},"end":{"line":1,"column":37}},"locations":[{"start":{"line":1,"column":37},"end":{"line":1,"column":37}}]}},"b":{"0":[1]},"fnMap":{"0":{"name":"(empty-report)","decl":{"start":{"line":1,"column":37},"end":{"line":1,"column":37}},"loc":{"start":{"line":1,"column":37},"end":{"line":1,"column":37}},"line":1}},"f":{"0":1}}
,"/Users/shashwatguta/Desktop/fullstack-test/client /src/Components/ImgPreview.tsx": {"path":"/Users/shashwatguta/Desktop/fullstack-test/client /src/Components/ImgPreview.tsx","all":false,"statementMap":{"0":{"start":{"line":1,"column":0},"end":{"line":1,"column":41}},"1":{"start":{"line":2,"column":0},"end":{"line":2,"column":21}},"2":{"start":{"line":3,"column":0},"end":{"line":3,"column":13}},"3":{"start":{"line":4,"column":0},"end":{"line":4,"column":4}},"5":{"start":{"line":6,"column":0},"end":{"line":6,"column":7}},"6":{"start":{"line":7,"column":0},"end":{"line":7,"column":10}},"7":{"start":{"line":8,"column":0},"end":{"line":8,"column":8}},"8":{"start":{"line":9,"column":0},"end":{"line":9,"column":24}},"9":{"start":{"line":10,"column":0},"end":{"line":10,"column":14}},"10":{"start":{"line":11,"column":0},"end":{"line":11,"column":35}},"11":{"start":{"line":12,"column":0},"end":{"line":12,"column":46}},"12":{"start":{"line":13,"column":0},"end":{"line":13,"column":38}},"13":{"start":{"line":14,"column":0},"end":{"line":14,"column":34}},"14":{"start":{"line":15,"column":0},"end":{"line":15,"column":8}},"15":{"start":{"line":16,"column":0},"end":{"line":16,"column":6}},"17":{"start":{"line":18,"column":0},"end":{"line":18,"column":2}},"19":{"start":{"line":20,"column":0},"end":{"line":20,"column":26}}},"s":{"0":1,"1":1,"2":2,"3":2,"5":2,"6":2,"7":2,"8":2,"9":2,"10":2,"11":2,"12":2,"13":2,"14":2,"15":2,"17":2,"19":1},"branchMap":{"0":{"type":"branch","line":2,"loc":{"start":{"line":2,"column":19},"end":{"line":18,"column":2}},"locations":[{"start":{"line":2,"column":19},"end":{"line":18,"column":2}}]}},"b":{"0":[2]},"fnMap":{"0":{"name":"ImgPreview","decl":{"start":{"line":2,"column":19},"end":{"line":18,"column":2}},"loc":{"start":{"line":2,"column":19},"end":{"line":18,"column":2}},"line":2}},"f":{"0":2}}
,"/Users/shashwatguta/Desktop/fullstack-test/client /src/Components/TextDisplay.tsx": {"path":"/Users/shashwatguta/Desktop/fullstack-test/client /src/Components/TextDisplay.tsx","all":false,"statementMap":{"0":{"start":{"line":1,"column":0},"end":{"line":1,"column":26}},"3":{"start":{"line":4,"column":0},"end":{"line":4,"column":22}},"4":{"start":{"line":5,"column":0},"end":{"line":5,"column":10}},"5":{"start":{"line":6,"column":0},"end":{"line":6,"column":7}},"6":{"start":{"line":7,"column":0},"end":{"line":7,"column":10}},"7":{"start":{"line":8,"column":0},"end":{"line":8,"column":4}},"11":{"start":{"line":12,"column":0},"end":{"line":12,"column":7}},"12":{"start":{"line":13,"column":0},"end":{"line":13,"column":10}},"13":{"start":{"line":14,"column":0},"end":{"line":14,"column":13}},"14":{"start":{"line":15,"column":0},"end":{"line":15,"column":24}},"15":{"start":{"line":16,"column":0},"end":{"line":16,"column":18}},"16":{"start":{"line":17,"column":0},"end":{"line":17,"column":47}},"17":{"start":{"line":18,"column":0},"end":{"line":18,"column":6}},"19":{"start":{"line":20,"column":0},"end":{"line":20,"column":2}},"21":{"start":{"line":22,"column":0},"end":{"line":22,"column":27}}},"s":{"0":1,"3":1,"4":3,"5":3,"6":3,"7":3,"11":3,"12":3,"13":3,"14":3,"15":3,"16":3,"17":3,"19":3,"21":1},"branchMap":{"0":{"type":"branch","line":4,"loc":{"start":{"line":4,"column":20},"end":{"line":20,"column":2}},"locations":[{"start":{"line":4,"column":20},"end":{"line":20,"column":2}}]},"1":{"type":"branch","line":17,"loc":{"start":{"line":17,"column":16},"end":{"line":17,"column":47}},"locations":[{"start":{"line":17,"column":16},"end":{"line":17,"column":47}}]}},"b":{"0":[3],"1":[1]},"fnMap":{"0":{"name":"TextDisplay","decl":{"start":{"line":4,"column":20},"end":{"line":20,"column":2}},"loc":{"start":{"line":4,"column":20},"end":{"line":20,"column":2}},"line":4},"1":{"name":"onChange","decl":{"start":{"line":17,"column":16},"end":{"line":17,"column":47}},"loc":{"start":{"line":17,"column":16},"end":{"line":17,"column":47}},"line":17}},"f":{"0":3,"1":1}}
,"/Users/shashwatguta/Desktop/fullstack-test/client /src/Components/Common/Loader.tsx": {"path":"/Users/shashwatguta/Desktop/fullstack-test/client /src/Components/Common/Loader.tsx","all":false,"statementMap":{"0":{"start":{"line":1,"column":0},"end":{"line":1,"column":88}},"1":{"start":{"line":2,"column":0},"end":{"line":2,"column":55}},"2":{"start":{"line":3,"column":0},"end":{"line":3,"column":10}},"3":{"start":{"line":4,"column":0},"end":{"line":4,"column":16}},"4":{"start":{"line":5,"column":0},"end":{"line":5,"column":10}},"5":{"start":{"line":6,"column":0},"end":{"line":6,"column":22}},"6":{"start":{"line":7,"column":0},"end":{"line":7,"column":44}},"7":{"start":{"line":8,"column":0},"end":{"line":8,"column":16}},"8":{"start":{"line":9,"column":0},"end":{"line":9,"column":28}},"9":{"start":{"line":10,"column":0},"end":{"line":10,"column":40}},"10":{"start":{"line":11,"column":0},"end":{"line":11,"column":25}},"11":{"start":{"line":12,"column":0},"end":{"line":12,"column":26}},"14":{"start":{"line":15,"column":0},"end":{"line":15,"column":23}},"17":{"start":{"line":18,"column":0},"end":{"line":18,"column":26}},"18":{"start":{"line":19,"column":0},"end":{"line":19,"column":31}},"19":{"start":{"line":20,"column":0},"end":{"line":20,"column":32}},"20":{"start":{"line":21,"column":0},"end":{"line":21,"column":11}},"21":{"start":{"line":22,"column":0},"end":{"line":22,"column":34}},"22":{"start":{"line":23,"column":0},"end":{"line":23,"column":12}},"25":{"start":{"line":26,"column":0},"end":{"line":26,"column":2}},"27":{"start":{"line":28,"column":0},"end":{"line":28,"column":22}}},"s":{"0":1,"1":1,"2":2,"3":2,"4":1,"5":1,"6":1,"7":1,"8":1,"9":1,"10":1,"11":1,"14":1,"17":1,"18":1,"19":1,"20":1,"21":1,"22":1,"25":2,"27":1},"branchMap":{"0":{"type":"branch","line":2,"loc":{"start":{"line":2,"column":15},"end":{"line":26,"column":2}},"locations":[{"start":{"line":2,"column":15},"end":{"line":26,"column":2}}]},"1":{"type":"branch","line":4,"loc":{"start":{"line":4,"column":4},"end":{"line":23,"column":12}},"locations":[{"start":{"line":4,"column":4},"end":{"line":23,"column":12}}]}},"b":{"0":[2],"1":[1]},"fnMap":{"0":{"name":"Loader","decl":{"start":{"line":2,"column":15},"end":{"line":26,"column":2}},"loc":{"start":{"line":2,"column":15},"end":{"line":26,"column":2}},"line":2},"1":{"name":"onClick","decl":{"start":{"line":7,"column":17},"end":{"line":7,"column":44}},"loc":{"start":{"line":7,"column":17},"end":{"line":7,"column":44}},"line":7}},"f":{"0":2,"1":0}}
,"/Users/shashwatguta/Desktop/fullstack-test/client /src/Components/ImageInput/ImageInput.tsx": {"path":"/Users/shashwatguta/Desktop/fullstack-test/client /src/Components/ImageInput/ImageInput.tsx","all":false,"statementMap":{"0":{"start":{"line":1,"column":0},"end":{"line":1,"column":50}},"1":{"start":{"line":2,"column":0},"end":{"line":2,"column":46}},"2":{"start":{"line":3,"column":0},"end":{"line":3,"column":56}},"3":{"start":{"line":4,"column":0},"end":{"line":4,"column":50}},"6":{"start":{"line":7,"column":0},"end":{"line":7,"column":21}},"7":{"start":{"line":8,"column":0},"end":{"line":8,"column":10}},"8":{"start":{"line":9,"column":0},"end":{"line":9,"column":13}},"9":{"start":{"line":10,"column":0},"end":{"line":10,"column":16}},"10":{"start":{"line":11,"column":0},"end":{"line":11,"column":10}},"11":{"start":{"line":12,"column":0},"end":{"line":12,"column":4}},"18":{"start":{"line":19,"column":0},"end":{"line":19,"column":7}},"19":{"start":{"line":20,"column":0},"end":{"line":20,"column":10}},"20":{"start":{"line":21,"column":0},"end":{"line":21,"column":6}},"21":{"start":{"line":22,"column":0},"end":{"line":22,"column":12}},"22":{"start":{"line":23,"column":0},"end":{"line":23,"column":26}},"23":{"start":{"line":24,"column":0},"end":{"line":24,"column":19}},"24":{"start":{"line":25,"column":0},"end":{"line":25,"column":24}},"25":{"start":{"line":26,"column":0},"end":{"line":26,"column":20}},"26":{"start":{"line":27,"column":0},"end":{"line":27,"column":18}},"27":{"start":{"line":28,"column":0},"end":{"line":28,"column":35}},"28":{"start":{"line":29,"column":0},"end":{"line":29,"column":32}},"29":{"start":{"line":30,"column":0},"end":{"line":30,"column":27}},"30":{"start":{"line":31,"column":0},"end":{"line":31,"column":84}},"33":{"start":{"line":34,"column":0},"end":{"line":34,"column":67}},"34":{"start":{"line":35,"column":0},"end":{"line":35,"column":44}},"36":{"start":{"line":37,"column":0},"end":{"line":37,"column":44}},"37":{"start":{"line":38,"column":0},"end":{"line":38,"column":37}},"38":{"start":{"line":39,"column":0},"end":{"line":39,"column":53}},"39":{"start":{"line":40,"column":0},"end":{"line":40,"column":30}},"40":{"start":{"line":41,"column":0},"end":{"line":41,"column":24}},"41":{"start":{"line":42,"column":0},"end":{"line":42,"column":27}},"42":{"start":{"line":43,"column":0},"end":{"line":43,"column":23}},"43":{"start":{"line":44,"column":0},"end":{"line":44,"column":16}},"44":{"start":{"line":45,"column":0},"end":{"line":45,"column":14}},"46":{"start":{"line":47,"column":0},"end":{"line":47,"column":94}},"47":{"start":{"line":48,"column":0},"end":{"line":48,"column":13}},"48":{"start":{"line":49,"column":0},"end":{"line":49,"column":10}},"49":{"start":{"line":50,"column":0},"end":{"line":50,"column":8}},"50":{"start":{"line":51,"column":0},"end":{"line":51,"column":12}},"51":{"start":{"line":52,"column":0},"end":{"line":52,"column":23}},"52":{"start":{"line":53,"column":0},"end":{"line":53,"column":61}},"54":{"start":{"line":55,"column":0},"end":{"line":55,"column":14}},"55":{"start":{"line":56,"column":0},"end":{"line":56,"column":7}},"57":{"start":{"line":58,"column":0},"end":{"line":58,"column":2}},"59":{"start":{"line":60,"column":0},"end":{"line":60,"column":26}}},"s":{"0":1,"1":1,"2":1,"3":1,"6":1,"7":2,"8":2,"9":2,"10":2,"11":2,"18":2,"19":2,"20":2,"21":2,"22":2,"23":2,"24":2,"25":2,"26":2,"27":2,"28":2,"29":2,"30":2,"33":1,"34":1,"36":1,"37":1,"38":1,"39":1,"40":1,"41":1,"42":1,"43":1,"44":1,"46":1,"47":1,"48":2,"49":2,"50":2,"51":2,"52":2,"54":2,"55":2,"57":2,"59":1},"branchMap":{"0":{"type":"branch","line":7,"loc":{"start":{"line":7,"column":19},"end":{"line":58,"column":2}},"locations":[{"start":{"line":7,"column":19},"end":{"line":58,"column":2}}]},"1":{"type":"branch","line":53,"loc":{"start":{"line":53,"column":36},"end":{"line":53,"column":58}},"locations":[{"start":{"line":53,"column":36},"end":{"line":53,"column":58}}]},"2":{"type":"branch","line":29,"loc":{"start":{"line":29,"column":18},"end":{"line":49,"column":10}},"locations":[{"start":{"line":29,"column":18},"end":{"line":49,"column":10}}]},"3":{"type":"branch","line":31,"loc":{"start":{"line":31,"column":55},"end":{"line":48,"column":13}},"locations":[{"start":{"line":31,"column":55},"end":{"line":48,"column":13}}]},"4":{"type":"branch","line":34,"loc":{"start":{"line":34,"column":44},"end":{"line":48,"column":11}},"locations":[{"start":{"line":34,"column":44},"end":{"line":48,"column":11}}]},"5":{"type":"branch","line":37,"loc":{"start":{"line":37,"column":31},"end":{"line":45,"column":14}},"locations":[{"start":{"line":37,"column":31},"end":{"line":45,"column":14}}]}},"b":{"0":[2],"1":[0],"2":[2],"3":[1],"4":[1],"5":[1]},"fnMap":{"0":{"name":"ImageInput","decl":{"start":{"line":7,"column":19},"end":{"line":58,"column":2}},"loc":{"start":{"line":7,"column":19},"end":{"line":58,"column":2}},"line":7},"1":{"name":"onChange","decl":{"start":{"line":29,"column":18},"end":{"line":49,"column":10}},"loc":{"start":{"line":29,"column":18},"end":{"line":49,"column":10}},"line":29},"2":{"name":"reader.onloadend","decl":{"start":{"line":37,"column":31},"end":{"line":45,"column":14}},"loc":{"start":{"line":37,"column":31},"end":{"line":45,"column":14}},"line":37}},"f":{"0":2,"1":2,"2":1}}
,"/Users/shashwatguta/Desktop/fullstack-test/client /src/Components/ImageInput/Utils/compressImage.ts": {"path":"/Users/shashwatguta/Desktop/fullstack-test/client /src/Components/ImageInput/Utils/compressImage.ts","all":false,"statementMap":{"0":{"start":{"line":1,"column":0},"end":{"line":1,"column":38}},"3":{"start":{"line":4,"column":0},"end":{"line":4,"column":75}},"4":{"start":{"line":5,"column":0},"end":{"line":5,"column":24}},"5":{"start":{"line":6,"column":0},"end":{"line":6,"column":17}},"6":{"start":{"line":7,"column":0},"end":{"line":7,"column":27}},"7":{"start":{"line":8,"column":0},"end":{"line":8,"column":21}},"8":{"start":{"line":9,"column":0},"end":{"line":9,"column":5}},"10":{"start":{"line":11,"column":0},"end":{"line":11,"column":29}}},"s":{"0":1,"3":1,"4":1,"5":1,"6":1,"7":1,"8":1,"10":1},"branchMap":{"0":{"type":"branch","line":4,"loc":{"start":{"line":4,"column":22},"end":{"line":9,"column":5}},"locations":[{"start":{"line":4,"column":22},"end":{"line":9,"column":5}}]}},"b":{"0":[1]},"fnMap":{"0":{"name":"compressImage","decl":{"start":{"line":4,"column":22},"end":{"line":9,"column":5}},"loc":{"start":{"line":4,"column":22},"end":{"line":9,"column":5}},"line":4}},"f":{"0":1}}
,"/Users/shashwatguta/Desktop/fullstack-test/client /src/Components/ImageInput/Utils/imgToBase64.ts": {"path":"/Users/shashwatguta/Desktop/fullstack-test/client /src/Components/ImageInput/Utils/imgToBase64.ts","all":false,"statementMap":{"1":{"start":{"line":2,"column":0},"end":{"line":2,"column":77}}},"s":{"1":1},"branchMap":{"0":{"type":"branch","line":2,"loc":{"start":{"line":2,"column":15},"end":{"line":2,"column":77}},"locations":[{"start":{"line":2,"column":15},"end":{"line":2,"column":77}}]}},"b":{"0":[3]},"fnMap":{"0":{"name":"__vite_ssr_exports__.default","decl":{"start":{"line":2,"column":15},"end":{"line":2,"column":77}},"loc":{"start":{"line":2,"column":15},"end":{"line":2,"column":77}},"line":2}},"f":{"0":3}}
,"/Users/shashwatguta/Desktop/fullstack-test/client /src/Components/ImageInput/Utils/sendImgToBackend.ts": {"path":"/Users/shashwatguta/Desktop/fullstack-test/client /src/Components/ImageInput/Utils/sendImgToBackend.ts","all":false,"statementMap":{"0":{"start":{"line":1,"column":0},"end":{"line":1,"column":42}},"1":{"start":{"line":2,"column":0},"end":{"line":2,"column":39}},"5":{"start":{"line":6,"column":0},"end":{"line":6,"column":22}},"6":{"start":{"line":7,"column":0},"end":{"line":7,"column":20}},"7":{"start":{"line":8,"column":0},"end":{"line":8,"column":32}},"10":{"start":{"line":11,"column":0},"end":{"line":11,"column":56}},"11":{"start":{"line":12,"column":0},"end":{"line":12,"column":60}},"12":{"start":{"line":13,"column":0},"end":{"line":13,"column":21}},"13":{"start":{"line":14,"column":0},"end":{"line":14,"column":6}},"14":{"start":{"line":15,"column":0},"end":{"line":15,"column":7}},"15":{"start":{"line":16,"column":0},"end":{"line":16,"column":63}},"16":{"start":{"line":17,"column":0},"end":{"line":17,"column":23}},"17":{"start":{"line":18,"column":0},"end":{"line":18,"column":7}},"20":{"start":{"line":21,"column":0},"end":{"line":21,"column":33}},"21":{"start":{"line":22,"column":0},"end":{"line":22,"column":30}},"22":{"start":{"line":23,"column":0},"end":{"line":23,"column":28}},"24":{"start":{"line":25,"column":0},"end":{"line":25,"column":75}},"25":{"start":{"line":26,"column":0},"end":{"line":26,"column":20}},"26":{"start":{"line":27,"column":0},"end":{"line":27,"column":20}},"27":{"start":{"line":28,"column":0},"end":{"line":28,"column":7}},"30":{"start":{"line":31,"column":0},"end":{"line":31,"column":24}},"31":{"start":{"line":32,"column":0},"end":{"line":32,"column":16}},"32":{"start":{"line":33,"column":0},"end":{"line":33,"column":13}},"34":{"start":{"line":35,"column":0},"end":{"line":35,"column":22}},"35":{"start":{"line":36,"column":0},"end":{"line":36,"column":3}},"36":{"start":{"line":37,"column":0},"end":{"line":37,"column":2}}},"s":{"0":1,"1":1,"5":1,"6":2,"7":2,"10":2,"11":2,"12":2,"13":2,"14":2,"15":2,"16":2,"17":2,"20":1,"21":1,"22":1,"24":1,"25":1,"26":1,"27":1,"30":1,"31":1,"32":2,"34":2,"35":2,"36":2},"branchMap":{"0":{"type":"branch","line":6,"loc":{"start":{"line":6,"column":15},"end":{"line":37,"column":2}},"locations":[{"start":{"line":6,"column":15},"end":{"line":37,"column":2}}]},"1":{"type":"branch","line":18,"loc":{"start":{"line":18,"column":5},"end":{"line":33,"column":4}},"locations":[{"start":{"line":18,"column":5},"end":{"line":33,"column":4}}]}},"b":{"0":[2],"1":[1]},"fnMap":{"0":{"name":"__vite_ssr_exports__.default","decl":{"start":{"line":6,"column":15},"end":{"line":37,"column":2}},"loc":{"start":{"line":6,"column":15},"end":{"line":37,"column":2}},"line":6}},"f":{"0":2}}
,"/Users/shashwatguta/Desktop/fullstack-test/client /src/Components/ImageInput/Utils/validateImage.ts": {"path":"/Users/shashwatguta/Desktop/fullstack-test/client /src/Components/ImageInput/Utils/validateImage.ts","all":false,"statementMap":{"0":{"start":{"line":1,"column":0},"end":{"line":1,"column":39}},"3":{"start":{"line":4,"column":0},"end":{"line":4,"column":39}},"5":{"start":{"line":6,"column":0},"end":{"line":6,"column":14}},"7":{"start":{"line":8,"column":0},"end":{"line":8,"column":10}},"8":{"start":{"line":9,"column":0},"end":{"line":9,"column":85}},"9":{"start":{"line":10,"column":0},"end":{"line":10,"column":7}},"10":{"start":{"line":11,"column":0},"end":{"line":11,"column":22}},"11":{"start":{"line":12,"column":0},"end":{"line":12,"column":22}},"12":{"start":{"line":13,"column":0},"end":{"line":13,"column":8}},"13":{"start":{"line":14,"column":0},"end":{"line":14,"column":6}},"14":{"start":{"line":15,"column":0},"end":{"line":15,"column":55}},"15":{"start":{"line":16,"column":0},"end":{"line":16,"column":3}},"18":{"start":{"line":19,"column":0},"end":{"line":19,"column":37}},"19":{"start":{"line":20,"column":0},"end":{"line":20,"column":65}},"20":{"start":{"line":21,"column":0},"end":{"line":21,"column":20}},"21":{"start":{"line":22,"column":0},"end":{"line":22,"column":20}},"22":{"start":{"line":23,"column":0},"end":{"line":23,"column":7}},"23":{"start":{"line":24,"column":0},"end":{"line":24,"column":55}},"24":{"start":{"line":25,"column":0},"end":{"line":25,"column":3}},"25":{"start":{"line":26,"column":0},"end":{"line":26,"column":53}},"26":{"start":{"line":27,"column":0},"end":{"line":27,"column":2}},"28":{"start":{"line":29,"column":0},"end":{"line":29,"column":29}}},"s":{"0":1,"3":1,"5":3,"7":1,"8":1,"9":1,"10":1,"11":1,"12":1,"13":1,"14":1,"15":1,"18":3,"19":1,"20":1,"21":1,"22":1,"23":1,"24":1,"25":1,"26":1,"28":1},"branchMap":{"0":{"type":"branch","line":4,"loc":{"start":{"line":4,"column":22},"end":{"line":27,"column":2}},"locations":[{"start":{"line":4,"column":22},"end":{"line":27,"column":2}}]},"1":{"type":"branch","line":6,"loc":{"start":{"line":6,"column":13},"end":{"line":16,"column":3}},"locations":[{"start":{"line":6,"column":13},"end":{"line":16,"column":3}}]},"2":{"type":"branch","line":16,"loc":{"start":{"line":16,"column":2},"end":{"line":19,"column":36}},"locations":[{"start":{"line":16,"column":2},"end":{"line":19,"column":36}}]},"3":{"type":"branch","line":19,"loc":{"start":{"line":19,"column":36},"end":{"line":27,"column":2}},"locations":[{"start":{"line":19,"column":36},"end":{"line":27,"column":2}}]}},"b":{"0":[3],"1":[1],"2":[2],"3":[1]},"fnMap":{"0":{"name":"validateImage","decl":{"start":{"line":4,"column":22},"end":{"line":27,"column":2}},"loc":{"start":{"line":4,"column":22},"end":{"line":27,"column":2}},"line":4}},"f":{"0":3}}
}
